

*******************************************************************************
Fri Feb 20 11:00:12 2026


FIT:    data read from "out.times" using 1:2
        format = x:z
        #datapoints = 16
        residuals are weighted equally (unit weight)

function used for fitting: f(x)
	f(x) = a + b/x
fitted parameters initialized with current variable values

iter      chisq       delta/lim  lambda   a             b            
   0 1.7126861840e+01   0.00e+00  1.14e+00    1.000000e+00   4.000000e+00
   3 1.0719409116e-01  -1.25e-01  1.14e-03    2.661226e-01   2.781068e+00

After 3 iterations the fit converged.
final sum of squares of residuals : 0.107194
rel. change during last iteration : -1.25451e-06

degrees of freedom    (FIT_NDF)                        : 14
rms of residuals      (FIT_STDFIT) = sqrt(WSSR/ndf)    : 0.0875027
variance of residuals (reduced chisquare) = WSSR/ndf   : 0.00765672

Final set of parameters            Asymptotic Standard Error
=======================            ==========================
a               = 0.266123         +/- 0.02952      (11.09%)
b               = 2.78107          +/- 0.09381      (3.373%)

correlation matrix of the fit parameters:
                a      b      
a               1.000 
b              -0.671  1.000 


*******************************************************************************
Fri Feb 20 11:03:32 2026


FIT:    data read from "out.times" using 1:2
        format = x:z
        #datapoints = 16
        residuals are weighted equally (unit weight)

function used for fitting: f(x)
	f(x) = a + b/x
fitted parameters initialized with current variable values

iter      chisq       delta/lim  lambda   a             b            
   0 1.7126861840e+01   0.00e+00  1.14e+00    1.000000e+00   4.000000e+00
   3 1.0719409116e-01  -1.25e-01  1.14e-03    2.661226e-01   2.781068e+00

After 3 iterations the fit converged.
final sum of squares of residuals : 0.107194
rel. change during last iteration : -1.25451e-06

degrees of freedom    (FIT_NDF)                        : 14
rms of residuals      (FIT_STDFIT) = sqrt(WSSR/ndf)    : 0.0875027
variance of residuals (reduced chisquare) = WSSR/ndf   : 0.00765672

Final set of parameters            Asymptotic Standard Error
=======================            ==========================
a               = 0.266123         +/- 0.02952      (11.09%)
b               = 2.78107          +/- 0.09381      (3.373%)

correlation matrix of the fit parameters:
                a      b      
a               1.000 
b              -0.671  1.000 
